-------------------------------------------------------------------------------
Test set: fileTest
-------------------------------------------------------------------------------
Tests run: 1, Failures: 1, Errors: 0, Skipped: 0, Time elapsed: 0.105 s <<< FAILURE! - in fileTest
la(fileTest)  Time elapsed: 0.004 s  <<< FAILURE!
java.lang.AssertionError
	at fileTest.la(fileTest.java:12)

